112.10.17 10:46 B C:\Programmi\EasyPHP5.3.0\www\Gottifredi_Maffioli_nuovo\admin\JSCookMenu\ThemeOffice\arrow.gif <-- www.wwprogetti.com /www.wwprogetti.com/Gottifredi_Maffioli/admin/JSCookMenu/ThemeOffice arrow.gif
112.10.17 10:46 B C:\Programmi\EasyPHP5.3.0\www\Gottifredi_Maffioli_nuovo\admin\JSCookMenu\ThemeOffice\arrowdown.gif <-- www.wwprogetti.com /www.wwprogetti.com/Gottifredi_Maffioli/admin/JSCookMenu/ThemeOffice arrowdown.gif
112.10.17 10:46 B C:\Programmi\EasyPHP5.3.0\www\Gottifredi_Maffioli_nuovo\admin\JSCookMenu\ThemeOffice\blank.gif <-- www.wwprogetti.com /www.wwprogetti.com/Gottifredi_Maffioli/admin/JSCookMenu/ThemeOffice blank.gif
112.10.17 10:46 B C:\Programmi\EasyPHP5.3.0\www\Gottifredi_Maffioli_nuovo\admin\JSCookMenu\ThemeOffice\copy.gif <-- www.wwprogetti.com /www.wwprogetti.com/Gottifredi_Maffioli/admin/JSCookMenu/ThemeOffice copy.gif
112.10.17 10:46 B C:\Programmi\EasyPHP5.3.0\www\Gottifredi_Maffioli_nuovo\admin\JSCookMenu\ThemeOffice\copyshadow.gif <-- www.wwprogetti.com /www.wwprogetti.com/Gottifredi_Maffioli/admin/JSCookMenu/ThemeOffice copyshadow.gif
112.10.17 10:46 B C:\Programmi\EasyPHP5.3.0\www\Gottifredi_Maffioli_nuovo\admin\JSCookMenu\ThemeOffice\cut.gif <-- www.wwprogetti.com /www.wwprogetti.com/Gottifredi_Maffioli/admin/JSCookMenu/ThemeOffice cut.gif
112.10.17 10:46 B C:\Programmi\EasyPHP5.3.0\www\Gottifredi_Maffioli_nuovo\admin\JSCookMenu\ThemeOffice\cutshadow.gif <-- www.wwprogetti.com /www.wwprogetti.com/Gottifredi_Maffioli/admin/JSCookMenu/ThemeOffice cutshadow.gif
112.10.17 10:46 B C:\Programmi\EasyPHP5.3.0\www\Gottifredi_Maffioli_nuovo\admin\JSCookMenu\ThemeOffice\help.gif <-- www.wwprogetti.com /www.wwprogetti.com/Gottifredi_Maffioli/admin/JSCookMenu/ThemeOffice help.gif
112.10.17 10:46 B C:\Programmi\EasyPHP5.3.0\www\Gottifredi_Maffioli_nuovo\admin\JSCookMenu\ThemeOffice\helpshadow.gif <-- www.wwprogetti.com /www.wwprogetti.com/Gottifredi_Maffioli/admin/JSCookMenu/ThemeOffice helpshadow.gif
112.10.17 10:46 B C:\Programmi\EasyPHP5.3.0\www\Gottifredi_Maffioli_nuovo\admin\JSCookMenu\ThemeOffice\new.gif <-- www.wwprogetti.com /www.wwprogetti.com/Gottifredi_Maffioli/admin/JSCookMenu/ThemeOffice new.gif
112.10.17 10:46 B C:\Programmi\EasyPHP5.3.0\www\Gottifredi_Maffioli_nuovo\admin\JSCookMenu\ThemeOffice\open.gif <-- www.wwprogetti.com /www.wwprogetti.com/Gottifredi_Maffioli/admin/JSCookMenu/ThemeOffice open.gif
112.10.17 10:46 B C:\Programmi\EasyPHP5.3.0\www\Gottifredi_Maffioli_nuovo\admin\JSCookMenu\ThemeOffice\openshadow.gif <-- www.wwprogetti.com /www.wwprogetti.com/Gottifredi_Maffioli/admin/JSCookMenu/ThemeOffice openshadow.gif
112.10.17 10:46 B C:\Programmi\EasyPHP5.3.0\www\Gottifredi_Maffioli_nuovo\admin\JSCookMenu\ThemeOffice\paste.gif <-- www.wwprogetti.com /www.wwprogetti.com/Gottifredi_Maffioli/admin/JSCookMenu/ThemeOffice paste.gif
112.10.17 10:46 B C:\Programmi\EasyPHP5.3.0\www\Gottifredi_Maffioli_nuovo\admin\JSCookMenu\ThemeOffice\pasteshadow.gif <-- www.wwprogetti.com /www.wwprogetti.com/Gottifredi_Maffioli/admin/JSCookMenu/ThemeOffice pasteshadow.gif
112.10.17 10:46 B C:\Programmi\EasyPHP5.3.0\www\Gottifredi_Maffioli_nuovo\admin\JSCookMenu\ThemeOffice\save.gif <-- www.wwprogetti.com /www.wwprogetti.com/Gottifredi_Maffioli/admin/JSCookMenu/ThemeOffice save.gif
112.10.17 10:46 B C:\Programmi\EasyPHP5.3.0\www\Gottifredi_Maffioli_nuovo\admin\JSCookMenu\ThemeOffice\saveshadow.gif <-- www.wwprogetti.com /www.wwprogetti.com/Gottifredi_Maffioli/admin/JSCookMenu/ThemeOffice saveshadow.gif
112.10.17 10:46 B C:\Programmi\EasyPHP5.3.0\www\Gottifredi_Maffioli_nuovo\admin\JSCookMenu\ThemeOffice\spacer.gif <-- www.wwprogetti.com /www.wwprogetti.com/Gottifredi_Maffioli/admin/JSCookMenu/ThemeOffice spacer.gif
112.10.17 10:46 B C:\Programmi\EasyPHP5.3.0\www\Gottifredi_Maffioli_nuovo\admin\JSCookMenu\ThemeOffice\theme.css <-- www.wwprogetti.com /www.wwprogetti.com/Gottifredi_Maffioli/admin/JSCookMenu/ThemeOffice theme.css
112.10.17 10:46 B C:\Programmi\EasyPHP5.3.0\www\Gottifredi_Maffioli_nuovo\admin\JSCookMenu\ThemeOffice\theme.js <-- www.wwprogetti.com /www.wwprogetti.com/Gottifredi_Maffioli/admin/JSCookMenu/ThemeOffice theme.js
112.10.17 10:46 B C:\Programmi\EasyPHP5.3.0\www\Gottifredi_Maffioli_nuovo\admin\JSCookMenu\ThemeOffice\Thumbs.db <-- www.wwprogetti.com /www.wwprogetti.com/Gottifredi_Maffioli/admin/JSCookMenu/ThemeOffice Thumbs.db
112.10.17 10:46 B C:\Programmi\EasyPHP5.3.0\www\Gottifredi_Maffioli_nuovo\admin\JSCookMenu\ThemeOffice\users.png <-- www.wwprogetti.com /www.wwprogetti.com/Gottifredi_Maffioli/admin/JSCookMenu/ThemeOffice users.png
112.12.04 14:59 B C:\Programmi\EasyPHP5.3.0\www\Gottifredi_Maffioli_nuovo\admin\JSCookMenu\ThemeOffice\users.png <-- www.wwprogetti.com /www.wwprogetti.com/Gottifredi_Maffioli/admin/JSCookMenu/ThemeOffice users.png
112.12.04 14:59 B C:\Programmi\EasyPHP5.3.0\www\Gottifredi_Maffioli_nuovo\admin\JSCookMenu\ThemeOffice\Thumbs.db <-- www.wwprogetti.com /www.wwprogetti.com/Gottifredi_Maffioli/admin/JSCookMenu/ThemeOffice Thumbs.db
112.12.04 14:59 B C:\Programmi\EasyPHP5.3.0\www\Gottifredi_Maffioli_nuovo\admin\JSCookMenu\ThemeOffice\theme.js <-- www.wwprogetti.com /www.wwprogetti.com/Gottifredi_Maffioli/admin/JSCookMenu/ThemeOffice theme.js
112.12.04 14:59 B C:\Programmi\EasyPHP5.3.0\www\Gottifredi_Maffioli_nuovo\admin\JSCookMenu\ThemeOffice\theme.css <-- www.wwprogetti.com /www.wwprogetti.com/Gottifredi_Maffioli/admin/JSCookMenu/ThemeOffice theme.css
112.12.04 14:59 B C:\Programmi\EasyPHP5.3.0\www\Gottifredi_Maffioli_nuovo\admin\JSCookMenu\ThemeOffice\spacer.gif <-- www.wwprogetti.com /www.wwprogetti.com/Gottifredi_Maffioli/admin/JSCookMenu/ThemeOffice spacer.gif
112.12.04 14:59 B C:\Programmi\EasyPHP5.3.0\www\Gottifredi_Maffioli_nuovo\admin\JSCookMenu\ThemeOffice\saveshadow.gif <-- www.wwprogetti.com /www.wwprogetti.com/Gottifredi_Maffioli/admin/JSCookMenu/ThemeOffice saveshadow.gif
112.12.04 14:59 B C:\Programmi\EasyPHP5.3.0\www\Gottifredi_Maffioli_nuovo\admin\JSCookMenu\ThemeOffice\save.gif <-- www.wwprogetti.com /www.wwprogetti.com/Gottifredi_Maffioli/admin/JSCookMenu/ThemeOffice save.gif
112.12.04 14:59 B C:\Programmi\EasyPHP5.3.0\www\Gottifredi_Maffioli_nuovo\admin\JSCookMenu\ThemeOffice\pasteshadow.gif <-- www.wwprogetti.com /www.wwprogetti.com/Gottifredi_Maffioli/admin/JSCookMenu/ThemeOffice pasteshadow.gif
112.12.04 14:59 B C:\Programmi\EasyPHP5.3.0\www\Gottifredi_Maffioli_nuovo\admin\JSCookMenu\ThemeOffice\paste.gif <-- www.wwprogetti.com /www.wwprogetti.com/Gottifredi_Maffioli/admin/JSCookMenu/ThemeOffice paste.gif
112.12.04 14:59 B C:\Programmi\EasyPHP5.3.0\www\Gottifredi_Maffioli_nuovo\admin\JSCookMenu\ThemeOffice\openshadow.gif <-- www.wwprogetti.com /www.wwprogetti.com/Gottifredi_Maffioli/admin/JSCookMenu/ThemeOffice openshadow.gif
112.12.04 14:59 B C:\Programmi\EasyPHP5.3.0\www\Gottifredi_Maffioli_nuovo\admin\JSCookMenu\ThemeOffice\open.gif <-- www.wwprogetti.com /www.wwprogetti.com/Gottifredi_Maffioli/admin/JSCookMenu/ThemeOffice open.gif
112.12.04 14:59 B C:\Programmi\EasyPHP5.3.0\www\Gottifredi_Maffioli_nuovo\admin\JSCookMenu\ThemeOffice\new.gif <-- www.wwprogetti.com /www.wwprogetti.com/Gottifredi_Maffioli/admin/JSCookMenu/ThemeOffice new.gif
112.12.04 14:59 B C:\Programmi\EasyPHP5.3.0\www\Gottifredi_Maffioli_nuovo\admin\JSCookMenu\ThemeOffice\helpshadow.gif <-- www.wwprogetti.com /www.wwprogetti.com/Gottifredi_Maffioli/admin/JSCookMenu/ThemeOffice helpshadow.gif
112.12.04 14:59 B C:\Programmi\EasyPHP5.3.0\www\Gottifredi_Maffioli_nuovo\admin\JSCookMenu\ThemeOffice\help.gif <-- www.wwprogetti.com /www.wwprogetti.com/Gottifredi_Maffioli/admin/JSCookMenu/ThemeOffice help.gif
112.12.04 14:59 B C:\Programmi\EasyPHP5.3.0\www\Gottifredi_Maffioli_nuovo\admin\JSCookMenu\ThemeOffice\cutshadow.gif <-- www.wwprogetti.com /www.wwprogetti.com/Gottifredi_Maffioli/admin/JSCookMenu/ThemeOffice cutshadow.gif
112.12.04 14:59 B C:\Programmi\EasyPHP5.3.0\www\Gottifredi_Maffioli_nuovo\admin\JSCookMenu\ThemeOffice\cut.gif <-- www.wwprogetti.com /www.wwprogetti.com/Gottifredi_Maffioli/admin/JSCookMenu/ThemeOffice cut.gif
112.12.04 14:59 B C:\Programmi\EasyPHP5.3.0\www\Gottifredi_Maffioli_nuovo\admin\JSCookMenu\ThemeOffice\copyshadow.gif <-- www.wwprogetti.com /www.wwprogetti.com/Gottifredi_Maffioli/admin/JSCookMenu/ThemeOffice copyshadow.gif
112.12.04 14:59 B C:\Programmi\EasyPHP5.3.0\www\Gottifredi_Maffioli_nuovo\admin\JSCookMenu\ThemeOffice\copy.gif <-- www.wwprogetti.com /www.wwprogetti.com/Gottifredi_Maffioli/admin/JSCookMenu/ThemeOffice copy.gif
112.12.04 14:59 B C:\Programmi\EasyPHP5.3.0\www\Gottifredi_Maffioli_nuovo\admin\JSCookMenu\ThemeOffice\blank.gif <-- www.wwprogetti.com /www.wwprogetti.com/Gottifredi_Maffioli/admin/JSCookMenu/ThemeOffice blank.gif
112.12.04 14:59 B C:\Programmi\EasyPHP5.3.0\www\Gottifredi_Maffioli_nuovo\admin\JSCookMenu\ThemeOffice\arrowdown.gif <-- www.wwprogetti.com /www.wwprogetti.com/Gottifredi_Maffioli/admin/JSCookMenu/ThemeOffice arrowdown.gif
112.12.04 14:59 B C:\Programmi\EasyPHP5.3.0\www\Gottifredi_Maffioli_nuovo\admin\JSCookMenu\ThemeOffice\arrow.gif <-- www.wwprogetti.com /www.wwprogetti.com/Gottifredi_Maffioli/admin/JSCookMenu/ThemeOffice arrow.gif
