112.10.17 10:46 B C:\Programmi\EasyPHP5.3.0\www\Gottifredi_Maffioli_nuovo\admin\css\themes\smoothness\jquery-ui-1.8.17.custom.css <-- www.wwprogetti.com /www.wwprogetti.com/Gottifredi_Maffioli/admin/css/themes/smoothness jquery-ui-1.8.17.custom.css
112.10.17 10:46 B C:\Programmi\EasyPHP5.3.0\www\Gottifredi_Maffioli_nuovo\admin\css\themes\smoothness\jquery.ui.accordion.css <-- www.wwprogetti.com /www.wwprogetti.com/Gottifredi_Maffioli/admin/css/themes/smoothness jquery.ui.accordion.css
112.10.17 10:46 B C:\Programmi\EasyPHP5.3.0\www\Gottifredi_Maffioli_nuovo\admin\css\themes\smoothness\jquery.ui.all.css <-- www.wwprogetti.com /www.wwprogetti.com/Gottifredi_Maffioli/admin/css/themes/smoothness jquery.ui.all.css
112.10.17 10:46 B C:\Programmi\EasyPHP5.3.0\www\Gottifredi_Maffioli_nuovo\admin\css\themes\smoothness\jquery.ui.autocomplete.css <-- www.wwprogetti.com /www.wwprogetti.com/Gottifredi_Maffioli/admin/css/themes/smoothness jquery.ui.autocomplete.css
112.10.17 10:46 B C:\Programmi\EasyPHP5.3.0\www\Gottifredi_Maffioli_nuovo\admin\css\themes\smoothness\jquery.ui.base.css <-- www.wwprogetti.com /www.wwprogetti.com/Gottifredi_Maffioli/admin/css/themes/smoothness jquery.ui.base.css
112.10.17 10:46 B C:\Programmi\EasyPHP5.3.0\www\Gottifredi_Maffioli_nuovo\admin\css\themes\smoothness\jquery.ui.button.css <-- www.wwprogetti.com /www.wwprogetti.com/Gottifredi_Maffioli/admin/css/themes/smoothness jquery.ui.button.css
112.10.17 10:46 B C:\Programmi\EasyPHP5.3.0\www\Gottifredi_Maffioli_nuovo\admin\css\themes\smoothness\jquery.ui.core.css <-- www.wwprogetti.com /www.wwprogetti.com/Gottifredi_Maffioli/admin/css/themes/smoothness jquery.ui.core.css
112.10.17 10:46 B C:\Programmi\EasyPHP5.3.0\www\Gottifredi_Maffioli_nuovo\admin\css\themes\smoothness\jquery.ui.datepicker.css <-- www.wwprogetti.com /www.wwprogetti.com/Gottifredi_Maffioli/admin/css/themes/smoothness jquery.ui.datepicker.css
112.10.17 10:46 B C:\Programmi\EasyPHP5.3.0\www\Gottifredi_Maffioli_nuovo\admin\css\themes\smoothness\jquery.ui.dialog.css <-- www.wwprogetti.com /www.wwprogetti.com/Gottifredi_Maffioli/admin/css/themes/smoothness jquery.ui.dialog.css
112.10.17 10:46 B C:\Programmi\EasyPHP5.3.0\www\Gottifredi_Maffioli_nuovo\admin\css\themes\smoothness\jquery.ui.progressbar.css <-- www.wwprogetti.com /www.wwprogetti.com/Gottifredi_Maffioli/admin/css/themes/smoothness jquery.ui.progressbar.css
112.10.17 10:46 B C:\Programmi\EasyPHP5.3.0\www\Gottifredi_Maffioli_nuovo\admin\css\themes\smoothness\jquery.ui.resizable.css <-- www.wwprogetti.com /www.wwprogetti.com/Gottifredi_Maffioli/admin/css/themes/smoothness jquery.ui.resizable.css
112.10.17 10:46 B C:\Programmi\EasyPHP5.3.0\www\Gottifredi_Maffioli_nuovo\admin\css\themes\smoothness\jquery.ui.selectable.css <-- www.wwprogetti.com /www.wwprogetti.com/Gottifredi_Maffioli/admin/css/themes/smoothness jquery.ui.selectable.css
112.10.17 10:46 B C:\Programmi\EasyPHP5.3.0\www\Gottifredi_Maffioli_nuovo\admin\css\themes\smoothness\jquery.ui.slider.css <-- www.wwprogetti.com /www.wwprogetti.com/Gottifredi_Maffioli/admin/css/themes/smoothness jquery.ui.slider.css
112.10.17 10:46 B C:\Programmi\EasyPHP5.3.0\www\Gottifredi_Maffioli_nuovo\admin\css\themes\smoothness\jquery.ui.tabs.css <-- www.wwprogetti.com /www.wwprogetti.com/Gottifredi_Maffioli/admin/css/themes/smoothness jquery.ui.tabs.css
112.10.17 10:46 B C:\Programmi\EasyPHP5.3.0\www\Gottifredi_Maffioli_nuovo\admin\css\themes\smoothness\jquery.ui.theme.css <-- www.wwprogetti.com /www.wwprogetti.com/Gottifredi_Maffioli/admin/css/themes/smoothness jquery.ui.theme.css
112.12.04 14:59 B C:\Programmi\EasyPHP5.3.0\www\Gottifredi_Maffioli_nuovo\admin\css\themes\smoothness\jquery.ui.theme.css <-- www.wwprogetti.com /www.wwprogetti.com/Gottifredi_Maffioli/admin/css/themes/smoothness jquery.ui.theme.css
112.12.04 14:59 B C:\Programmi\EasyPHP5.3.0\www\Gottifredi_Maffioli_nuovo\admin\css\themes\smoothness\jquery.ui.tabs.css <-- www.wwprogetti.com /www.wwprogetti.com/Gottifredi_Maffioli/admin/css/themes/smoothness jquery.ui.tabs.css
112.12.04 14:59 B C:\Programmi\EasyPHP5.3.0\www\Gottifredi_Maffioli_nuovo\admin\css\themes\smoothness\jquery.ui.slider.css <-- www.wwprogetti.com /www.wwprogetti.com/Gottifredi_Maffioli/admin/css/themes/smoothness jquery.ui.slider.css
112.12.04 14:59 B C:\Programmi\EasyPHP5.3.0\www\Gottifredi_Maffioli_nuovo\admin\css\themes\smoothness\jquery.ui.selectable.css <-- www.wwprogetti.com /www.wwprogetti.com/Gottifredi_Maffioli/admin/css/themes/smoothness jquery.ui.selectable.css
112.12.04 14:59 B C:\Programmi\EasyPHP5.3.0\www\Gottifredi_Maffioli_nuovo\admin\css\themes\smoothness\jquery.ui.resizable.css <-- www.wwprogetti.com /www.wwprogetti.com/Gottifredi_Maffioli/admin/css/themes/smoothness jquery.ui.resizable.css
112.12.04 14:59 B C:\Programmi\EasyPHP5.3.0\www\Gottifredi_Maffioli_nuovo\admin\css\themes\smoothness\jquery.ui.progressbar.css <-- www.wwprogetti.com /www.wwprogetti.com/Gottifredi_Maffioli/admin/css/themes/smoothness jquery.ui.progressbar.css
112.12.04 14:59 B C:\Programmi\EasyPHP5.3.0\www\Gottifredi_Maffioli_nuovo\admin\css\themes\smoothness\jquery.ui.dialog.css <-- www.wwprogetti.com /www.wwprogetti.com/Gottifredi_Maffioli/admin/css/themes/smoothness jquery.ui.dialog.css
112.12.04 14:59 B C:\Programmi\EasyPHP5.3.0\www\Gottifredi_Maffioli_nuovo\admin\css\themes\smoothness\jquery.ui.datepicker.css <-- www.wwprogetti.com /www.wwprogetti.com/Gottifredi_Maffioli/admin/css/themes/smoothness jquery.ui.datepicker.css
112.12.04 14:59 B C:\Programmi\EasyPHP5.3.0\www\Gottifredi_Maffioli_nuovo\admin\css\themes\smoothness\jquery.ui.core.css <-- www.wwprogetti.com /www.wwprogetti.com/Gottifredi_Maffioli/admin/css/themes/smoothness jquery.ui.core.css
112.12.04 14:59 B C:\Programmi\EasyPHP5.3.0\www\Gottifredi_Maffioli_nuovo\admin\css\themes\smoothness\jquery.ui.button.css <-- www.wwprogetti.com /www.wwprogetti.com/Gottifredi_Maffioli/admin/css/themes/smoothness jquery.ui.button.css
112.12.04 14:59 B C:\Programmi\EasyPHP5.3.0\www\Gottifredi_Maffioli_nuovo\admin\css\themes\smoothness\jquery.ui.base.css <-- www.wwprogetti.com /www.wwprogetti.com/Gottifredi_Maffioli/admin/css/themes/smoothness jquery.ui.base.css
112.12.04 14:59 B C:\Programmi\EasyPHP5.3.0\www\Gottifredi_Maffioli_nuovo\admin\css\themes\smoothness\jquery.ui.autocomplete.css <-- www.wwprogetti.com /www.wwprogetti.com/Gottifredi_Maffioli/admin/css/themes/smoothness jquery.ui.autocomplete.css
112.12.04 14:59 B C:\Programmi\EasyPHP5.3.0\www\Gottifredi_Maffioli_nuovo\admin\css\themes\smoothness\jquery.ui.all.css <-- www.wwprogetti.com /www.wwprogetti.com/Gottifredi_Maffioli/admin/css/themes/smoothness jquery.ui.all.css
112.12.04 14:59 B C:\Programmi\EasyPHP5.3.0\www\Gottifredi_Maffioli_nuovo\admin\css\themes\smoothness\jquery.ui.accordion.css <-- www.wwprogetti.com /www.wwprogetti.com/Gottifredi_Maffioli/admin/css/themes/smoothness jquery.ui.accordion.css
112.12.04 14:59 B C:\Programmi\EasyPHP5.3.0\www\Gottifredi_Maffioli_nuovo\admin\css\themes\smoothness\jquery-ui-1.8.17.custom.css <-- www.wwprogetti.com /www.wwprogetti.com/Gottifredi_Maffioli/admin/css/themes/smoothness jquery-ui-1.8.17.custom.css
