112.10.17 10:46 B C:\Programmi\EasyPHP5.3.0\www\Gottifredi_Maffioli_nuovo\admin\css\ui-lightness\images\ui-bg_diagonals-thick_18_b81900_40x40.png <-- www.wwprogetti.com /www.wwprogetti.com/Gottifredi_Maffioli/admin/css/ui-lightness/images ui-bg_diagonals-thick_18_b81900_40x40.png
112.10.17 10:46 B C:\Programmi\EasyPHP5.3.0\www\Gottifredi_Maffioli_nuovo\admin\css\ui-lightness\images\ui-bg_diagonals-thick_20_666666_40x40.png <-- www.wwprogetti.com /www.wwprogetti.com/Gottifredi_Maffioli/admin/css/ui-lightness/images ui-bg_diagonals-thick_20_666666_40x40.png
112.10.17 10:46 B C:\Programmi\EasyPHP5.3.0\www\Gottifredi_Maffioli_nuovo\admin\css\ui-lightness\images\ui-bg_flat_10_000000_40x100.png <-- www.wwprogetti.com /www.wwprogetti.com/Gottifredi_Maffioli/admin/css/ui-lightness/images ui-bg_flat_10_000000_40x100.png
112.10.17 10:46 B C:\Programmi\EasyPHP5.3.0\www\Gottifredi_Maffioli_nuovo\admin\css\ui-lightness\images\ui-bg_glass_100_f6f6f6_1x400.png <-- www.wwprogetti.com /www.wwprogetti.com/Gottifredi_Maffioli/admin/css/ui-lightness/images ui-bg_glass_100_f6f6f6_1x400.png
112.10.17 10:46 B C:\Programmi\EasyPHP5.3.0\www\Gottifredi_Maffioli_nuovo\admin\css\ui-lightness\images\ui-bg_glass_100_fdf5ce_1x400.png <-- www.wwprogetti.com /www.wwprogetti.com/Gottifredi_Maffioli/admin/css/ui-lightness/images ui-bg_glass_100_fdf5ce_1x400.png
112.10.17 10:46 B C:\Programmi\EasyPHP5.3.0\www\Gottifredi_Maffioli_nuovo\admin\css\ui-lightness\images\ui-bg_glass_65_ffffff_1x400.png <-- www.wwprogetti.com /www.wwprogetti.com/Gottifredi_Maffioli/admin/css/ui-lightness/images ui-bg_glass_65_ffffff_1x400.png
112.10.17 10:46 B C:\Programmi\EasyPHP5.3.0\www\Gottifredi_Maffioli_nuovo\admin\css\ui-lightness\images\ui-bg_gloss-wave_35_f6a828_500x100.png <-- www.wwprogetti.com /www.wwprogetti.com/Gottifredi_Maffioli/admin/css/ui-lightness/images ui-bg_gloss-wave_35_f6a828_500x100.png
112.10.17 10:46 B C:\Programmi\EasyPHP5.3.0\www\Gottifredi_Maffioli_nuovo\admin\css\ui-lightness\images\ui-bg_highlight-soft_100_eeeeee_1x100.png <-- www.wwprogetti.com /www.wwprogetti.com/Gottifredi_Maffioli/admin/css/ui-lightness/images ui-bg_highlight-soft_100_eeeeee_1x100.png
112.10.17 10:46 B C:\Programmi\EasyPHP5.3.0\www\Gottifredi_Maffioli_nuovo\admin\css\ui-lightness\images\ui-bg_highlight-soft_75_ffe45c_1x100.png <-- www.wwprogetti.com /www.wwprogetti.com/Gottifredi_Maffioli/admin/css/ui-lightness/images ui-bg_highlight-soft_75_ffe45c_1x100.png
112.10.17 10:46 B C:\Programmi\EasyPHP5.3.0\www\Gottifredi_Maffioli_nuovo\admin\css\ui-lightness\images\ui-icons_222222_256x240.png <-- www.wwprogetti.com /www.wwprogetti.com/Gottifredi_Maffioli/admin/css/ui-lightness/images ui-icons_222222_256x240.png
112.10.17 10:46 B C:\Programmi\EasyPHP5.3.0\www\Gottifredi_Maffioli_nuovo\admin\css\ui-lightness\images\ui-icons_228ef1_256x240.png <-- www.wwprogetti.com /www.wwprogetti.com/Gottifredi_Maffioli/admin/css/ui-lightness/images ui-icons_228ef1_256x240.png
112.10.17 10:46 B C:\Programmi\EasyPHP5.3.0\www\Gottifredi_Maffioli_nuovo\admin\css\ui-lightness\images\ui-icons_ef8c08_256x240.png <-- www.wwprogetti.com /www.wwprogetti.com/Gottifredi_Maffioli/admin/css/ui-lightness/images ui-icons_ef8c08_256x240.png
112.10.17 10:46 B C:\Programmi\EasyPHP5.3.0\www\Gottifredi_Maffioli_nuovo\admin\css\ui-lightness\images\ui-icons_ffd27a_256x240.png <-- www.wwprogetti.com /www.wwprogetti.com/Gottifredi_Maffioli/admin/css/ui-lightness/images ui-icons_ffd27a_256x240.png
112.10.17 10:46 B C:\Programmi\EasyPHP5.3.0\www\Gottifredi_Maffioli_nuovo\admin\css\ui-lightness\images\ui-icons_ffffff_256x240.png <-- www.wwprogetti.com /www.wwprogetti.com/Gottifredi_Maffioli/admin/css/ui-lightness/images ui-icons_ffffff_256x240.png
112.12.04 14:59 B C:\Programmi\EasyPHP5.3.0\www\Gottifredi_Maffioli_nuovo\admin\css\ui-lightness\images\ui-icons_ffffff_256x240.png <-- www.wwprogetti.com /www.wwprogetti.com/Gottifredi_Maffioli/admin/css/ui-lightness/images ui-icons_ffffff_256x240.png
112.12.04 14:59 B C:\Programmi\EasyPHP5.3.0\www\Gottifredi_Maffioli_nuovo\admin\css\ui-lightness\images\ui-icons_ffd27a_256x240.png <-- www.wwprogetti.com /www.wwprogetti.com/Gottifredi_Maffioli/admin/css/ui-lightness/images ui-icons_ffd27a_256x240.png
112.12.04 14:59 B C:\Programmi\EasyPHP5.3.0\www\Gottifredi_Maffioli_nuovo\admin\css\ui-lightness\images\ui-icons_ef8c08_256x240.png <-- www.wwprogetti.com /www.wwprogetti.com/Gottifredi_Maffioli/admin/css/ui-lightness/images ui-icons_ef8c08_256x240.png
112.12.04 14:59 B C:\Programmi\EasyPHP5.3.0\www\Gottifredi_Maffioli_nuovo\admin\css\ui-lightness\images\ui-icons_228ef1_256x240.png <-- www.wwprogetti.com /www.wwprogetti.com/Gottifredi_Maffioli/admin/css/ui-lightness/images ui-icons_228ef1_256x240.png
112.12.04 14:59 B C:\Programmi\EasyPHP5.3.0\www\Gottifredi_Maffioli_nuovo\admin\css\ui-lightness\images\ui-icons_222222_256x240.png <-- www.wwprogetti.com /www.wwprogetti.com/Gottifredi_Maffioli/admin/css/ui-lightness/images ui-icons_222222_256x240.png
112.12.04 14:59 B C:\Programmi\EasyPHP5.3.0\www\Gottifredi_Maffioli_nuovo\admin\css\ui-lightness\images\ui-bg_highlight-soft_75_ffe45c_1x100.png <-- www.wwprogetti.com /www.wwprogetti.com/Gottifredi_Maffioli/admin/css/ui-lightness/images ui-bg_highlight-soft_75_ffe45c_1x100.png
112.12.04 14:59 B C:\Programmi\EasyPHP5.3.0\www\Gottifredi_Maffioli_nuovo\admin\css\ui-lightness\images\ui-bg_highlight-soft_100_eeeeee_1x100.png <-- www.wwprogetti.com /www.wwprogetti.com/Gottifredi_Maffioli/admin/css/ui-lightness/images ui-bg_highlight-soft_100_eeeeee_1x100.png
112.12.04 14:59 B C:\Programmi\EasyPHP5.3.0\www\Gottifredi_Maffioli_nuovo\admin\css\ui-lightness\images\ui-bg_gloss-wave_35_f6a828_500x100.png <-- www.wwprogetti.com /www.wwprogetti.com/Gottifredi_Maffioli/admin/css/ui-lightness/images ui-bg_gloss-wave_35_f6a828_500x100.png
112.12.04 14:59 B C:\Programmi\EasyPHP5.3.0\www\Gottifredi_Maffioli_nuovo\admin\css\ui-lightness\images\ui-bg_glass_65_ffffff_1x400.png <-- www.wwprogetti.com /www.wwprogetti.com/Gottifredi_Maffioli/admin/css/ui-lightness/images ui-bg_glass_65_ffffff_1x400.png
112.12.04 14:59 B C:\Programmi\EasyPHP5.3.0\www\Gottifredi_Maffioli_nuovo\admin\css\ui-lightness\images\ui-bg_glass_100_fdf5ce_1x400.png <-- www.wwprogetti.com /www.wwprogetti.com/Gottifredi_Maffioli/admin/css/ui-lightness/images ui-bg_glass_100_fdf5ce_1x400.png
112.12.04 14:59 B C:\Programmi\EasyPHP5.3.0\www\Gottifredi_Maffioli_nuovo\admin\css\ui-lightness\images\ui-bg_glass_100_f6f6f6_1x400.png <-- www.wwprogetti.com /www.wwprogetti.com/Gottifredi_Maffioli/admin/css/ui-lightness/images ui-bg_glass_100_f6f6f6_1x400.png
112.12.04 14:59 B C:\Programmi\EasyPHP5.3.0\www\Gottifredi_Maffioli_nuovo\admin\css\ui-lightness\images\ui-bg_flat_10_000000_40x100.png <-- www.wwprogetti.com /www.wwprogetti.com/Gottifredi_Maffioli/admin/css/ui-lightness/images ui-bg_flat_10_000000_40x100.png
112.12.04 14:59 B C:\Programmi\EasyPHP5.3.0\www\Gottifredi_Maffioli_nuovo\admin\css\ui-lightness\images\ui-bg_diagonals-thick_20_666666_40x40.png <-- www.wwprogetti.com /www.wwprogetti.com/Gottifredi_Maffioli/admin/css/ui-lightness/images ui-bg_diagonals-thick_20_666666_40x40.png
112.12.04 14:59 B C:\Programmi\EasyPHP5.3.0\www\Gottifredi_Maffioli_nuovo\admin\css\ui-lightness\images\ui-bg_diagonals-thick_18_b81900_40x40.png <-- www.wwprogetti.com /www.wwprogetti.com/Gottifredi_Maffioli/admin/css/ui-lightness/images ui-bg_diagonals-thick_18_b81900_40x40.png
