112.10.17 10:46 B C:\Programmi\EasyPHP5.3.0\www\Gottifredi_Maffioli_nuovo\admin\css\themes\smoothness\images\ui-bg_flat_0_aaaaaa_40x100.png <-- www.wwprogetti.com /www.wwprogetti.com/Gottifredi_Maffioli/admin/css/themes/smoothness/images ui-bg_flat_0_aaaaaa_40x100.png
112.10.17 10:46 B C:\Programmi\EasyPHP5.3.0\www\Gottifredi_Maffioli_nuovo\admin\css\themes\smoothness\images\ui-bg_flat_75_ffffff_40x100.png <-- www.wwprogetti.com /www.wwprogetti.com/Gottifredi_Maffioli/admin/css/themes/smoothness/images ui-bg_flat_75_ffffff_40x100.png
112.10.17 10:46 B C:\Programmi\EasyPHP5.3.0\www\Gottifredi_Maffioli_nuovo\admin\css\themes\smoothness\images\ui-bg_glass_55_fbf9ee_1x400.png <-- www.wwprogetti.com /www.wwprogetti.com/Gottifredi_Maffioli/admin/css/themes/smoothness/images ui-bg_glass_55_fbf9ee_1x400.png
112.10.17 10:46 B C:\Programmi\EasyPHP5.3.0\www\Gottifredi_Maffioli_nuovo\admin\css\themes\smoothness\images\ui-bg_glass_65_ffffff_1x400.png <-- www.wwprogetti.com /www.wwprogetti.com/Gottifredi_Maffioli/admin/css/themes/smoothness/images ui-bg_glass_65_ffffff_1x400.png
112.10.17 10:46 B C:\Programmi\EasyPHP5.3.0\www\Gottifredi_Maffioli_nuovo\admin\css\themes\smoothness\images\ui-bg_glass_75_dadada_1x400.png <-- www.wwprogetti.com /www.wwprogetti.com/Gottifredi_Maffioli/admin/css/themes/smoothness/images ui-bg_glass_75_dadada_1x400.png
112.10.17 10:46 B C:\Programmi\EasyPHP5.3.0\www\Gottifredi_Maffioli_nuovo\admin\css\themes\smoothness\images\ui-bg_glass_75_e6e6e6_1x400.png <-- www.wwprogetti.com /www.wwprogetti.com/Gottifredi_Maffioli/admin/css/themes/smoothness/images ui-bg_glass_75_e6e6e6_1x400.png
112.10.17 10:46 B C:\Programmi\EasyPHP5.3.0\www\Gottifredi_Maffioli_nuovo\admin\css\themes\smoothness\images\ui-bg_glass_95_fef1ec_1x400.png <-- www.wwprogetti.com /www.wwprogetti.com/Gottifredi_Maffioli/admin/css/themes/smoothness/images ui-bg_glass_95_fef1ec_1x400.png
112.10.17 10:46 B C:\Programmi\EasyPHP5.3.0\www\Gottifredi_Maffioli_nuovo\admin\css\themes\smoothness\images\ui-bg_highlight-soft_75_cccccc_1x100.png <-- www.wwprogetti.com /www.wwprogetti.com/Gottifredi_Maffioli/admin/css/themes/smoothness/images ui-bg_highlight-soft_75_cccccc_1x100.png
112.10.17 10:46 B C:\Programmi\EasyPHP5.3.0\www\Gottifredi_Maffioli_nuovo\admin\css\themes\smoothness\images\ui-icons_222222_256x240.png <-- www.wwprogetti.com /www.wwprogetti.com/Gottifredi_Maffioli/admin/css/themes/smoothness/images ui-icons_222222_256x240.png
112.10.17 10:46 B C:\Programmi\EasyPHP5.3.0\www\Gottifredi_Maffioli_nuovo\admin\css\themes\smoothness\images\ui-icons_2e83ff_256x240.png <-- www.wwprogetti.com /www.wwprogetti.com/Gottifredi_Maffioli/admin/css/themes/smoothness/images ui-icons_2e83ff_256x240.png
112.10.17 10:46 B C:\Programmi\EasyPHP5.3.0\www\Gottifredi_Maffioli_nuovo\admin\css\themes\smoothness\images\ui-icons_454545_256x240.png <-- www.wwprogetti.com /www.wwprogetti.com/Gottifredi_Maffioli/admin/css/themes/smoothness/images ui-icons_454545_256x240.png
112.10.17 10:46 B C:\Programmi\EasyPHP5.3.0\www\Gottifredi_Maffioli_nuovo\admin\css\themes\smoothness\images\ui-icons_888888_256x240.png <-- www.wwprogetti.com /www.wwprogetti.com/Gottifredi_Maffioli/admin/css/themes/smoothness/images ui-icons_888888_256x240.png
112.10.17 10:46 B C:\Programmi\EasyPHP5.3.0\www\Gottifredi_Maffioli_nuovo\admin\css\themes\smoothness\images\ui-icons_cd0a0a_256x240.png <-- www.wwprogetti.com /www.wwprogetti.com/Gottifredi_Maffioli/admin/css/themes/smoothness/images ui-icons_cd0a0a_256x240.png
112.12.04 14:59 B C:\Programmi\EasyPHP5.3.0\www\Gottifredi_Maffioli_nuovo\admin\css\themes\smoothness\images\ui-icons_cd0a0a_256x240.png <-- www.wwprogetti.com /www.wwprogetti.com/Gottifredi_Maffioli/admin/css/themes/smoothness/images ui-icons_cd0a0a_256x240.png
112.12.04 14:59 B C:\Programmi\EasyPHP5.3.0\www\Gottifredi_Maffioli_nuovo\admin\css\themes\smoothness\images\ui-icons_888888_256x240.png <-- www.wwprogetti.com /www.wwprogetti.com/Gottifredi_Maffioli/admin/css/themes/smoothness/images ui-icons_888888_256x240.png
112.12.04 14:59 B C:\Programmi\EasyPHP5.3.0\www\Gottifredi_Maffioli_nuovo\admin\css\themes\smoothness\images\ui-icons_454545_256x240.png <-- www.wwprogetti.com /www.wwprogetti.com/Gottifredi_Maffioli/admin/css/themes/smoothness/images ui-icons_454545_256x240.png
112.12.04 14:59 B C:\Programmi\EasyPHP5.3.0\www\Gottifredi_Maffioli_nuovo\admin\css\themes\smoothness\images\ui-icons_2e83ff_256x240.png <-- www.wwprogetti.com /www.wwprogetti.com/Gottifredi_Maffioli/admin/css/themes/smoothness/images ui-icons_2e83ff_256x240.png
112.12.04 14:59 B C:\Programmi\EasyPHP5.3.0\www\Gottifredi_Maffioli_nuovo\admin\css\themes\smoothness\images\ui-icons_222222_256x240.png <-- www.wwprogetti.com /www.wwprogetti.com/Gottifredi_Maffioli/admin/css/themes/smoothness/images ui-icons_222222_256x240.png
112.12.04 14:59 B C:\Programmi\EasyPHP5.3.0\www\Gottifredi_Maffioli_nuovo\admin\css\themes\smoothness\images\ui-bg_highlight-soft_75_cccccc_1x100.png <-- www.wwprogetti.com /www.wwprogetti.com/Gottifredi_Maffioli/admin/css/themes/smoothness/images ui-bg_highlight-soft_75_cccccc_1x100.png
112.12.04 14:59 B C:\Programmi\EasyPHP5.3.0\www\Gottifredi_Maffioli_nuovo\admin\css\themes\smoothness\images\ui-bg_glass_95_fef1ec_1x400.png <-- www.wwprogetti.com /www.wwprogetti.com/Gottifredi_Maffioli/admin/css/themes/smoothness/images ui-bg_glass_95_fef1ec_1x400.png
112.12.04 14:59 B C:\Programmi\EasyPHP5.3.0\www\Gottifredi_Maffioli_nuovo\admin\css\themes\smoothness\images\ui-bg_glass_75_e6e6e6_1x400.png <-- www.wwprogetti.com /www.wwprogetti.com/Gottifredi_Maffioli/admin/css/themes/smoothness/images ui-bg_glass_75_e6e6e6_1x400.png
112.12.04 14:59 B C:\Programmi\EasyPHP5.3.0\www\Gottifredi_Maffioli_nuovo\admin\css\themes\smoothness\images\ui-bg_glass_75_dadada_1x400.png <-- www.wwprogetti.com /www.wwprogetti.com/Gottifredi_Maffioli/admin/css/themes/smoothness/images ui-bg_glass_75_dadada_1x400.png
112.12.04 14:59 B C:\Programmi\EasyPHP5.3.0\www\Gottifredi_Maffioli_nuovo\admin\css\themes\smoothness\images\ui-bg_glass_65_ffffff_1x400.png <-- www.wwprogetti.com /www.wwprogetti.com/Gottifredi_Maffioli/admin/css/themes/smoothness/images ui-bg_glass_65_ffffff_1x400.png
112.12.04 14:59 B C:\Programmi\EasyPHP5.3.0\www\Gottifredi_Maffioli_nuovo\admin\css\themes\smoothness\images\ui-bg_glass_55_fbf9ee_1x400.png <-- www.wwprogetti.com /www.wwprogetti.com/Gottifredi_Maffioli/admin/css/themes/smoothness/images ui-bg_glass_55_fbf9ee_1x400.png
112.12.04 14:59 B C:\Programmi\EasyPHP5.3.0\www\Gottifredi_Maffioli_nuovo\admin\css\themes\smoothness\images\ui-bg_flat_75_ffffff_40x100.png <-- www.wwprogetti.com /www.wwprogetti.com/Gottifredi_Maffioli/admin/css/themes/smoothness/images ui-bg_flat_75_ffffff_40x100.png
112.12.04 14:59 B C:\Programmi\EasyPHP5.3.0\www\Gottifredi_Maffioli_nuovo\admin\css\themes\smoothness\images\ui-bg_flat_0_aaaaaa_40x100.png <-- www.wwprogetti.com /www.wwprogetti.com/Gottifredi_Maffioli/admin/css/themes/smoothness/images ui-bg_flat_0_aaaaaa_40x100.png
