112.10.17 10:45 B C:\Programmi\EasyPHP5.3.0\www\Gottifredi_Maffioli_nuovo\admin\css\img\blank.gif <-- www.wwprogetti.com /www.wwprogetti.com/Gottifredi_Maffioli/admin/css/img blank.gif
112.10.17 10:45 B C:\Programmi\EasyPHP5.3.0\www\Gottifredi_Maffioli_nuovo\admin\css\img\fancy_close.png <-- www.wwprogetti.com /www.wwprogetti.com/Gottifredi_Maffioli/admin/css/img fancy_close.png
112.10.17 10:45 B C:\Programmi\EasyPHP5.3.0\www\Gottifredi_Maffioli_nuovo\admin\css\img\fancy_loading.png <-- www.wwprogetti.com /www.wwprogetti.com/Gottifredi_Maffioli/admin/css/img fancy_loading.png
112.10.17 10:45 B C:\Programmi\EasyPHP5.3.0\www\Gottifredi_Maffioli_nuovo\admin\css\img\fancy_nav_left.png <-- www.wwprogetti.com /www.wwprogetti.com/Gottifredi_Maffioli/admin/css/img fancy_nav_left.png
112.10.17 10:45 B C:\Programmi\EasyPHP5.3.0\www\Gottifredi_Maffioli_nuovo\admin\css\img\fancy_nav_right.png <-- www.wwprogetti.com /www.wwprogetti.com/Gottifredi_Maffioli/admin/css/img fancy_nav_right.png
112.10.17 10:45 B C:\Programmi\EasyPHP5.3.0\www\Gottifredi_Maffioli_nuovo\admin\css\img\fancy_shadow_e.png <-- www.wwprogetti.com /www.wwprogetti.com/Gottifredi_Maffioli/admin/css/img fancy_shadow_e.png
112.10.17 10:45 B C:\Programmi\EasyPHP5.3.0\www\Gottifredi_Maffioli_nuovo\admin\css\img\fancy_shadow_n.png <-- www.wwprogetti.com /www.wwprogetti.com/Gottifredi_Maffioli/admin/css/img fancy_shadow_n.png
112.10.17 10:45 B C:\Programmi\EasyPHP5.3.0\www\Gottifredi_Maffioli_nuovo\admin\css\img\fancy_shadow_ne.png <-- www.wwprogetti.com /www.wwprogetti.com/Gottifredi_Maffioli/admin/css/img fancy_shadow_ne.png
112.10.17 10:45 B C:\Programmi\EasyPHP5.3.0\www\Gottifredi_Maffioli_nuovo\admin\css\img\fancy_shadow_nw.png <-- www.wwprogetti.com /www.wwprogetti.com/Gottifredi_Maffioli/admin/css/img fancy_shadow_nw.png
112.10.17 10:45 B C:\Programmi\EasyPHP5.3.0\www\Gottifredi_Maffioli_nuovo\admin\css\img\fancy_shadow_s.png <-- www.wwprogetti.com /www.wwprogetti.com/Gottifredi_Maffioli/admin/css/img fancy_shadow_s.png
112.10.17 10:45 B C:\Programmi\EasyPHP5.3.0\www\Gottifredi_Maffioli_nuovo\admin\css\img\fancy_shadow_se.png <-- www.wwprogetti.com /www.wwprogetti.com/Gottifredi_Maffioli/admin/css/img fancy_shadow_se.png
112.10.17 10:45 B C:\Programmi\EasyPHP5.3.0\www\Gottifredi_Maffioli_nuovo\admin\css\img\fancy_shadow_sw.png <-- www.wwprogetti.com /www.wwprogetti.com/Gottifredi_Maffioli/admin/css/img fancy_shadow_sw.png
112.10.17 10:45 B C:\Programmi\EasyPHP5.3.0\www\Gottifredi_Maffioli_nuovo\admin\css\img\fancy_shadow_w.png <-- www.wwprogetti.com /www.wwprogetti.com/Gottifredi_Maffioli/admin/css/img fancy_shadow_w.png
112.10.17 10:45 B C:\Programmi\EasyPHP5.3.0\www\Gottifredi_Maffioli_nuovo\admin\css\img\fancy_title_left.png <-- www.wwprogetti.com /www.wwprogetti.com/Gottifredi_Maffioli/admin/css/img fancy_title_left.png
112.10.17 10:45 B C:\Programmi\EasyPHP5.3.0\www\Gottifredi_Maffioli_nuovo\admin\css\img\fancy_title_main.png <-- www.wwprogetti.com /www.wwprogetti.com/Gottifredi_Maffioli/admin/css/img fancy_title_main.png
112.10.17 10:45 B C:\Programmi\EasyPHP5.3.0\www\Gottifredi_Maffioli_nuovo\admin\css\img\fancy_title_over.png <-- www.wwprogetti.com /www.wwprogetti.com/Gottifredi_Maffioli/admin/css/img fancy_title_over.png
112.10.17 10:45 B C:\Programmi\EasyPHP5.3.0\www\Gottifredi_Maffioli_nuovo\admin\css\img\fancy_title_right.png <-- www.wwprogetti.com /www.wwprogetti.com/Gottifredi_Maffioli/admin/css/img fancy_title_right.png
112.10.17 10:45 B C:\Programmi\EasyPHP5.3.0\www\Gottifredi_Maffioli_nuovo\admin\css\img\fancybox-x.png <-- www.wwprogetti.com /www.wwprogetti.com/Gottifredi_Maffioli/admin/css/img fancybox-x.png
112.10.17 10:45 B C:\Programmi\EasyPHP5.3.0\www\Gottifredi_Maffioli_nuovo\admin\css\img\fancybox-y.png <-- www.wwprogetti.com /www.wwprogetti.com/Gottifredi_Maffioli/admin/css/img fancybox-y.png
112.10.17 10:45 B C:\Programmi\EasyPHP5.3.0\www\Gottifredi_Maffioli_nuovo\admin\css\img\fancybox.png <-- www.wwprogetti.com /www.wwprogetti.com/Gottifredi_Maffioli/admin/css/img fancybox.png
112.12.04 14:59 B C:\Programmi\EasyPHP5.3.0\www\Gottifredi_Maffioli_nuovo\admin\css\img\fancybox.png <-- www.wwprogetti.com /www.wwprogetti.com/Gottifredi_Maffioli/admin/css/img fancybox.png
112.12.04 14:59 B C:\Programmi\EasyPHP5.3.0\www\Gottifredi_Maffioli_nuovo\admin\css\img\fancybox-y.png <-- www.wwprogetti.com /www.wwprogetti.com/Gottifredi_Maffioli/admin/css/img fancybox-y.png
112.12.04 14:59 B C:\Programmi\EasyPHP5.3.0\www\Gottifredi_Maffioli_nuovo\admin\css\img\fancybox-x.png <-- www.wwprogetti.com /www.wwprogetti.com/Gottifredi_Maffioli/admin/css/img fancybox-x.png
112.12.04 14:59 B C:\Programmi\EasyPHP5.3.0\www\Gottifredi_Maffioli_nuovo\admin\css\img\fancy_title_right.png <-- www.wwprogetti.com /www.wwprogetti.com/Gottifredi_Maffioli/admin/css/img fancy_title_right.png
112.12.04 14:59 B C:\Programmi\EasyPHP5.3.0\www\Gottifredi_Maffioli_nuovo\admin\css\img\fancy_title_over.png <-- www.wwprogetti.com /www.wwprogetti.com/Gottifredi_Maffioli/admin/css/img fancy_title_over.png
112.12.04 14:59 B C:\Programmi\EasyPHP5.3.0\www\Gottifredi_Maffioli_nuovo\admin\css\img\fancy_title_main.png <-- www.wwprogetti.com /www.wwprogetti.com/Gottifredi_Maffioli/admin/css/img fancy_title_main.png
112.12.04 14:59 B C:\Programmi\EasyPHP5.3.0\www\Gottifredi_Maffioli_nuovo\admin\css\img\fancy_title_left.png <-- www.wwprogetti.com /www.wwprogetti.com/Gottifredi_Maffioli/admin/css/img fancy_title_left.png
112.12.04 14:59 B C:\Programmi\EasyPHP5.3.0\www\Gottifredi_Maffioli_nuovo\admin\css\img\fancy_shadow_w.png <-- www.wwprogetti.com /www.wwprogetti.com/Gottifredi_Maffioli/admin/css/img fancy_shadow_w.png
112.12.04 14:59 B C:\Programmi\EasyPHP5.3.0\www\Gottifredi_Maffioli_nuovo\admin\css\img\fancy_shadow_sw.png <-- www.wwprogetti.com /www.wwprogetti.com/Gottifredi_Maffioli/admin/css/img fancy_shadow_sw.png
112.12.04 14:59 B C:\Programmi\EasyPHP5.3.0\www\Gottifredi_Maffioli_nuovo\admin\css\img\fancy_shadow_se.png <-- www.wwprogetti.com /www.wwprogetti.com/Gottifredi_Maffioli/admin/css/img fancy_shadow_se.png
112.12.04 14:59 B C:\Programmi\EasyPHP5.3.0\www\Gottifredi_Maffioli_nuovo\admin\css\img\fancy_shadow_s.png <-- www.wwprogetti.com /www.wwprogetti.com/Gottifredi_Maffioli/admin/css/img fancy_shadow_s.png
112.12.04 14:59 B C:\Programmi\EasyPHP5.3.0\www\Gottifredi_Maffioli_nuovo\admin\css\img\fancy_shadow_nw.png <-- www.wwprogetti.com /www.wwprogetti.com/Gottifredi_Maffioli/admin/css/img fancy_shadow_nw.png
112.12.04 14:59 B C:\Programmi\EasyPHP5.3.0\www\Gottifredi_Maffioli_nuovo\admin\css\img\fancy_shadow_ne.png <-- www.wwprogetti.com /www.wwprogetti.com/Gottifredi_Maffioli/admin/css/img fancy_shadow_ne.png
112.12.04 14:59 B C:\Programmi\EasyPHP5.3.0\www\Gottifredi_Maffioli_nuovo\admin\css\img\fancy_shadow_n.png <-- www.wwprogetti.com /www.wwprogetti.com/Gottifredi_Maffioli/admin/css/img fancy_shadow_n.png
112.12.04 14:59 B C:\Programmi\EasyPHP5.3.0\www\Gottifredi_Maffioli_nuovo\admin\css\img\fancy_shadow_e.png <-- www.wwprogetti.com /www.wwprogetti.com/Gottifredi_Maffioli/admin/css/img fancy_shadow_e.png
112.12.04 14:59 B C:\Programmi\EasyPHP5.3.0\www\Gottifredi_Maffioli_nuovo\admin\css\img\fancy_nav_right.png <-- www.wwprogetti.com /www.wwprogetti.com/Gottifredi_Maffioli/admin/css/img fancy_nav_right.png
112.12.04 14:59 B C:\Programmi\EasyPHP5.3.0\www\Gottifredi_Maffioli_nuovo\admin\css\img\fancy_nav_left.png <-- www.wwprogetti.com /www.wwprogetti.com/Gottifredi_Maffioli/admin/css/img fancy_nav_left.png
112.12.04 14:59 B C:\Programmi\EasyPHP5.3.0\www\Gottifredi_Maffioli_nuovo\admin\css\img\fancy_loading.png <-- www.wwprogetti.com /www.wwprogetti.com/Gottifredi_Maffioli/admin/css/img fancy_loading.png
112.12.04 14:59 B C:\Programmi\EasyPHP5.3.0\www\Gottifredi_Maffioli_nuovo\admin\css\img\fancy_close.png <-- www.wwprogetti.com /www.wwprogetti.com/Gottifredi_Maffioli/admin/css/img fancy_close.png
112.12.04 14:59 B C:\Programmi\EasyPHP5.3.0\www\Gottifredi_Maffioli_nuovo\admin\css\img\blank.gif <-- www.wwprogetti.com /www.wwprogetti.com/Gottifredi_Maffioli/admin/css/img blank.gif
